<?xml version="1.0" encoding="UTF-8"?>
<!-- Generated by org.testng.reporters.JUnitReportReporter -->
<testsuite hostname="DISYS-JM3KMT2" failures="0" tests="1" name="com.adidaas.testscripts.CreateModule" time="102.979" errors="0" timestamp="2021-05-27T13:40:13 IST" skipped="0">
  <testcase classname="com.adidaas.testscripts.CreateModule" name="testCreateCustomer" time="102.979"/>
  <system-out/>
</testsuite> <!-- com.adidaas.testscripts.CreateModule -->
