<?xml version="1.0" encoding="UTF-8"?>
<!-- Generated by org.testng.reporters.JUnitReportReporter -->
<testsuite hostname="DISYS-G9ZN4H2" failures="0" tests="1" name="com.adidaas.testscripts.DemoDataProvider" time="0.000" errors="0" timestamp="2021-05-13T16:19:27 IST" skipped="1">
  <testcase classname="com.adidaas.testscripts.DemoDataProvider" name="testInvalidLogin" time="0.000">
    <skipped/>
  </testcase> <!-- testInvalidLogin -->
  <system-out/>
</testsuite> <!-- com.adidaas.testscripts.DemoDataProvider -->
