<?xml version="1.0" encoding="UTF-8"?>
<!-- Generated by org.testng.reporters.JUnitReportReporter -->
<testsuite hostname="DISYS-G9ZN4H2" failures="0" tests="1" name="com.adidaas.testscripts.CreateCustomer" time="44.793" errors="0" timestamp="2021-05-03T20:42:06 IST" skipped="0">
  <testcase classname="com.adidaas.testscripts.CreateCustomer" name="testCreateCustomer" time="44.793"/>
  <system-out/>
</testsuite> <!-- com.adidaas.testscripts.CreateCustomer -->
